c:\users\rajashree\documents\netsim_12.1.21_64_std_default\workspace\workspace\src\simulation\ip\x64\debug\vc142.pdb
c:\users\rajashree\documents\netsim_12.1.21_64_std_default\workspace\workspace\src\simulation\ip\x64\debug\vc142.idb
c:\users\rajashree\documents\netsim_12.1.21_64_std_default\workspace\workspace\src\simulation\ip\x64\debug\pim_route_msg.obj
c:\users\rajashree\documents\netsim_12.1.21_64_std_default\workspace\workspace\src\simulation\ip\x64\debug\pim_route.obj
c:\users\rajashree\documents\netsim_12.1.21_64_std_default\workspace\workspace\src\simulation\ip\x64\debug\pim_print.obj
c:\users\rajashree\documents\netsim_12.1.21_64_std_default\workspace\workspace\src\simulation\ip\x64\debug\pim_neighbor.obj
c:\users\rajashree\documents\netsim_12.1.21_64_std_default\workspace\workspace\src\simulation\ip\x64\debug\pim_msg.obj
c:\users\rajashree\documents\netsim_12.1.21_64_std_default\workspace\workspace\src\simulation\ip\x64\debug\pim_join.obj
c:\users\rajashree\documents\netsim_12.1.21_64_std_default\workspace\workspace\src\simulation\ip\x64\debug\pim_hello.obj
c:\users\rajashree\documents\netsim_12.1.21_64_std_default\workspace\workspace\src\simulation\ip\x64\debug\pim_group.obj
c:\users\rajashree\documents\netsim_12.1.21_64_std_default\workspace\workspace\src\simulation\ip\x64\debug\pim_config.obj
c:\users\rajashree\documents\netsim_12.1.21_64_std_default\workspace\workspace\src\simulation\ip\x64\debug\nat.obj
c:\users\rajashree\documents\netsim_12.1.21_64_std_default\workspace\workspace\src\simulation\ip\x64\debug\multicast.obj
c:\users\rajashree\documents\netsim_12.1.21_64_std_default\workspace\workspace\src\simulation\ip\x64\debug\ip_utility.obj
c:\users\rajashree\documents\netsim_12.1.21_64_std_default\workspace\workspace\src\simulation\ip\x64\debug\ip_routing.obj
c:\users\rajashree\documents\netsim_12.1.21_64_std_default\workspace\workspace\src\simulation\ip\x64\debug\ip.obj
c:\users\rajashree\documents\netsim_12.1.21_64_std_default\workspace\workspace\src\simulation\ip\x64\debug\igmp_router.obj
c:\users\rajashree\documents\netsim_12.1.21_64_std_default\workspace\workspace\src\simulation\ip\x64\debug\igmp_msg.obj
c:\users\rajashree\documents\netsim_12.1.21_64_std_default\workspace\workspace\src\simulation\ip\x64\debug\igmp_host.obj
c:\users\rajashree\documents\netsim_12.1.21_64_std_default\workspace\workspace\src\simulation\ip\x64\debug\igmp.obj
c:\users\rajashree\documents\netsim_12.1.21_64_std_default\workspace\workspace\src\simulation\ip\x64\debug\icmp.obj
c:\users\rajashree\documents\netsim_12.1.21_64_std_default\workspace\workspace\src\simulation\ip\x64\debug\dns.obj
c:\users\rajashree\documents\netsim_12.1.21_64_std_default\workspace\workspace\src\simulation\ip\x64\debug\vpn.obj
c:\users\rajashree\documents\netsim_12.1.21_64_std_default\workspace\workspace\src\simulation\ip\x64\debug\pim_sm.obj
c:\users\rajashree\documents\netsim_12.1.21_64_std_default\workspace\workspace\bin\bin_x64\ip.lib
c:\users\rajashree\documents\netsim_12.1.21_64_std_default\workspace\workspace\bin\bin_x64\ip.exp
c:\users\rajashree\documents\netsim_12.1.21_64_std_default\workspace\workspace\bin\bin_x64\libip.dll
c:\users\rajashree\documents\netsim_12.1.21_64_std_default\workspace\workspace\bin\bin_x64\ip.pdb
c:\users\rajashree\documents\netsim_12.1.21_64_std_default\workspace\workspace\src\simulation\ip\x64\debug\ip.tlog\cl.command.1.tlog
c:\users\rajashree\documents\netsim_12.1.21_64_std_default\workspace\workspace\src\simulation\ip\x64\debug\ip.tlog\cl.read.1.tlog
c:\users\rajashree\documents\netsim_12.1.21_64_std_default\workspace\workspace\src\simulation\ip\x64\debug\ip.tlog\cl.write.1.tlog
c:\users\rajashree\documents\netsim_12.1.21_64_std_default\workspace\workspace\src\simulation\ip\x64\debug\ip.tlog\ip.write.1u.tlog
c:\users\rajashree\documents\netsim_12.1.21_64_std_default\workspace\workspace\src\simulation\ip\x64\debug\ip.tlog\link.command.1.tlog
c:\users\rajashree\documents\netsim_12.1.21_64_std_default\workspace\workspace\src\simulation\ip\x64\debug\ip.tlog\link.read.1.tlog
c:\users\rajashree\documents\netsim_12.1.21_64_std_default\workspace\workspace\src\simulation\ip\x64\debug\ip.tlog\link.write.1.tlog
