C:\Program Files (x86)\Microsoft Visual Studio\2019\Community\MSBuild\Microsoft\VC\v160\Microsoft.CppBuild.targets(453,5): warning MSB8004: Output Directory does not end with a trailing slash.  This build instance will add the slash as it is required to allow proper evaluation of the Output Directory.
  Building.c
  FileBasedMobility.c
  Geometry.c
  GroupMobility.c
  Mobility.c
  NodeJoin.c
  Sumo_interface.c
  Generating Code...
C:\Program Files (x86)\Microsoft Visual Studio\2019\Community\MSBuild\Microsoft\VC\v160\Microsoft.CppBuild.targets(1278,5): warning MSB8012: TargetPath(C:\Users\Rajashree\Documents\NetSim_12.1.21_64_std_default\Dynamic_Traffic_Control\src\Simulation\Mobility\..\..\..\bin\bin_x64\Mobility.dll) does not match the Linker's OutputFile property value (C:\Users\Rajashree\Documents\NetSim_12.1.21_64_std_default\Dynamic_Traffic_Control\bin\bin_x64\libMobility.dll). This may cause your project to build incorrectly. To correct this, please make sure that $(OutDir), $(TargetName) and $(TargetExt) property values match the value specified in %(Link.OutputFile).
C:\Program Files (x86)\Microsoft Visual Studio\2019\Community\MSBuild\Microsoft\VC\v160\Microsoft.CppBuild.targets(1280,5): warning MSB8012: TargetName(Mobility) does not match the Linker's OutputFile property value (libMobility). This may cause your project to build incorrectly. To correct this, please make sure that $(OutDir), $(TargetName) and $(TargetExt) property values match the value specified in %(Link.OutputFile).
Building.obj : warning LNK4075: ignoring '/EDITANDCONTINUE' due to '/INCREMENTAL:NO' specification
  list.lib(List.obj) : MSIL .netmodule or module compiled with /GL found; restarting link with /LTCG; add /LTCG to the link command line to improve linker performance
Building.obj : warning LNK4075: ignoring '/EDITANDCONTINUE' due to '/INCREMENTAL:NO' specification
     Creating library ..\lib_x64\libMobility.lib and object ..\lib_x64\libMobility.exp
LINK : warning LNK4098: defaultlib 'MSVCRT' conflicts with use of other libs; use /NODEFAULTLIB:library
  Generating code
  Finished generating code
list.lib(List.obj) : warning LNK4099: PDB 'List.pdb' was not found with 'list.lib(List.obj)' or at 'C:\Users\Rajashree\Documents\NetSim_12.1.21_64_std_default\Dynamic_Traffic_Control\bin\bin_x64\List.pdb'; linking object as if no debug info
  Mobility.vcxproj -> C:\Users\Rajashree\Documents\NetSim_12.1.21_64_std_default\Dynamic_Traffic_Control\src\Simulation\Mobility\..\..\..\bin\bin_x64\Mobility.dll
