C:\Program Files (x86)\Microsoft Visual Studio\2019\Community\MSBuild\Microsoft\VC\v160\Microsoft.CppBuild.targets(453,5): warning MSB8004: Output Directory does not end with a trailing slash.  This build instance will add the slash as it is required to allow proper evaluation of the Output Directory.
  DNS.c
  ICMP.c
C:\Users\Rajashree\Desktop\Dynamic_Traffic_Control\Dynamic_Traffic_Control_workspace\src\Simulation\IP\ICMP.c(587,15): warning C4101: 'j': unreferenced local variable
C:\Users\Rajashree\Desktop\Dynamic_Traffic_Control\Dynamic_Traffic_Control_workspace\src\Simulation\IP\ICMP.c(587,12): warning C4101: 'i': unreferenced local variable
  IGMP.c
  IGMP_Host.c
  IGMP_Msg.c
  IGMP_Router.c
  IP.c
C:\Users\Rajashree\Desktop\Dynamic_Traffic_Control\Dynamic_Traffic_Control_workspace\src\Simulation\IP\IP.c(29,10): fatal error C1083: Cannot open include file: '../Firewall/Firewall.h': No such file or directory
  IP_Routing.c
C:\Users\Rajashree\Desktop\Dynamic_Traffic_Control\Dynamic_Traffic_Control_workspace\src\Simulation\IP\IP_Routing.c(19,10): fatal error C1083: Cannot open include file: '../Firewall/Firewall.h': No such file or directory
  IP_Utility.c
  Multicast.c
  NAT.c
  PIM_Config.c
  PIM_Group.c
  PIM_Hello.c
  PIM_Join.c
  PIM_Msg.c
  PIM_Neighbor.c
  PIM_Print.c
  PIM_Route.c
  PIM_Route_Msg.c
  Generating Code...
  Compiling...
  PIM_SM.c
  VPN.c
C:\Users\Rajashree\Desktop\Dynamic_Traffic_Control\Dynamic_Traffic_Control_workspace\src\Simulation\IP\VPN.c(205): warning Msg: fn_NetSim_IP_VPN_GetIPFromServer needs to be implemented for IPV6
C:\Users\Rajashree\Desktop\Dynamic_Traffic_Control\Dynamic_Traffic_Control_workspace\src\Simulation\IP\VPN.c(325,32): warning C4028: formal parameter 1 different from declaration
  Generating Code...
