C:\Program Files (x86)\Microsoft Visual Studio\2019\Community\MSBuild\Microsoft\VC\v160\Microsoft.CppBuild.targets(453,5): warning MSB8004: Output Directory does not end with a trailing slash.  This build instance will add the slash as it is required to allow proper evaluation of the Output Directory.
  aes.c
  aes_run.c
  Application.c
C:\Users\Rajashree\Desktop\Dynamic_Traffic_Control\Dynamic_Traffic_Control_workspace\src\Simulation\Application\Application.c(122,27): warning C4018: '<': signed/unsigned mismatch
C:\Users\Rajashree\Desktop\Dynamic_Traffic_Control\Dynamic_Traffic_Control_workspace\src\Simulation\Application\Application.c(133,28): warning C4018: '<': signed/unsigned mismatch
C:\Users\Rajashree\Desktop\Dynamic_Traffic_Control\Dynamic_Traffic_Control_workspace\src\Simulation\Application\Application.c(139,28): warning C4018: '<': signed/unsigned mismatch
C:\Users\Rajashree\Desktop\Dynamic_Traffic_Control\Dynamic_Traffic_Control_workspace\src\Simulation\Application\Application.c(152,28): warning C4018: '<': signed/unsigned mismatch
C:\Users\Rajashree\Desktop\Dynamic_Traffic_Control\Dynamic_Traffic_Control_workspace\src\Simulation\Application\Application.c(154,28): warning C4018: '<': signed/unsigned mismatch
C:\Users\Rajashree\Desktop\Dynamic_Traffic_Control\Dynamic_Traffic_Control_workspace\src\Simulation\Application\Application.c(162,33): warning C4013: 'corr' undefined; assuming extern returning int
C:\Users\Rajashree\Desktop\Dynamic_Traffic_Control\Dynamic_Traffic_Control_workspace\src\Simulation\Application\Application.c(693,16): warning C4013: 'encryptBlock' undefined; assuming extern returning int
  APP_OUT.c
  BSM.c
  CoAP.c
  Database_FTP_Custom.c
  des.c
  des_run.c
  Distribution.c
  Emulation_application.c
  Encryption.c
  Multicast.c
  RandomNumber.c
  Generating Code...
C:\Program Files (x86)\Microsoft Visual Studio\2019\Community\MSBuild\Microsoft\VC\v160\Microsoft.CppBuild.targets(1278,5): warning MSB8012: TargetPath(C:\Users\Rajashree\Desktop\Dynamic_Traffic_Control\Dynamic_Traffic_Control_workspace\src\Simulation\Application\..\..\..\bin\bin_x86\Application.dll) does not match the Linker's OutputFile property value (C:\Users\Rajashree\Desktop\Dynamic_Traffic_Control\Dynamic_Traffic_Control_workspace\bin\bin_x86\libApplication.dll). This may cause your project to build incorrectly. To correct this, please make sure that $(OutDir), $(TargetName) and $(TargetExt) property values match the value specified in %(Link.OutputFile).
C:\Program Files (x86)\Microsoft Visual Studio\2019\Community\MSBuild\Microsoft\VC\v160\Microsoft.CppBuild.targets(1280,5): warning MSB8012: TargetName(Application) does not match the Linker's OutputFile property value (libApplication). This may cause your project to build incorrectly. To correct this, please make sure that $(OutDir), $(TargetName) and $(TargetExt) property values match the value specified in %(Link.OutputFile).
aes.obj : warning LNK4075: ignoring '/EDITANDCONTINUE' due to '/INCREMENTAL:NO' specification
  Application.lib(HTTP.obj) : MSIL .netmodule or module compiled with /GL found; restarting link with /LTCG; add /LTCG to the link command line to improve linker performance
aes.obj : warning LNK4075: ignoring '/EDITANDCONTINUE' due to '/INCREMENTAL:NO' specification
LINK : fatal error LNK1104: cannot open file 'libMobility.lib'
