c:\users\rajashree\desktop\dynamic_traffic_control\dynamic_traffic_control_workspace\src\simulation\application\debug\vc142.pdb
c:\users\rajashree\desktop\dynamic_traffic_control\dynamic_traffic_control_workspace\src\simulation\application\debug\vc142.idb
c:\users\rajashree\desktop\dynamic_traffic_control\dynamic_traffic_control_workspace\src\simulation\application\debug\randomnumber.obj
c:\users\rajashree\desktop\dynamic_traffic_control\dynamic_traffic_control_workspace\src\simulation\application\debug\multicast.obj
c:\users\rajashree\desktop\dynamic_traffic_control\dynamic_traffic_control_workspace\src\simulation\application\debug\encryption.obj
c:\users\rajashree\desktop\dynamic_traffic_control\dynamic_traffic_control_workspace\src\simulation\application\debug\emulation_application.obj
c:\users\rajashree\desktop\dynamic_traffic_control\dynamic_traffic_control_workspace\src\simulation\application\debug\distribution.obj
c:\users\rajashree\desktop\dynamic_traffic_control\dynamic_traffic_control_workspace\src\simulation\application\debug\des_run.obj
c:\users\rajashree\desktop\dynamic_traffic_control\dynamic_traffic_control_workspace\src\simulation\application\debug\des.obj
c:\users\rajashree\desktop\dynamic_traffic_control\dynamic_traffic_control_workspace\src\simulation\application\debug\database_ftp_custom.obj
c:\users\rajashree\desktop\dynamic_traffic_control\dynamic_traffic_control_workspace\src\simulation\application\debug\coap.obj
c:\users\rajashree\desktop\dynamic_traffic_control\dynamic_traffic_control_workspace\src\simulation\application\debug\bsm.obj
c:\users\rajashree\desktop\dynamic_traffic_control\dynamic_traffic_control_workspace\src\simulation\application\debug\app_out.obj
c:\users\rajashree\desktop\dynamic_traffic_control\dynamic_traffic_control_workspace\src\simulation\application\debug\application.obj
c:\users\rajashree\desktop\dynamic_traffic_control\dynamic_traffic_control_workspace\src\simulation\application\debug\aes_run.obj
c:\users\rajashree\desktop\dynamic_traffic_control\dynamic_traffic_control_workspace\src\simulation\application\debug\aes.obj
c:\users\rajashree\desktop\dynamic_traffic_control\dynamic_traffic_control_workspace\src\simulation\application\debug\application.tlog\cl.command.1.tlog
c:\users\rajashree\desktop\dynamic_traffic_control\dynamic_traffic_control_workspace\src\simulation\application\debug\application.tlog\cl.read.1.tlog
c:\users\rajashree\desktop\dynamic_traffic_control\dynamic_traffic_control_workspace\src\simulation\application\debug\application.tlog\cl.write.1.tlog
c:\users\rajashree\desktop\dynamic_traffic_control\dynamic_traffic_control_workspace\src\simulation\application\debug\application.tlog\link.1196.read.1.tlog
c:\users\rajashree\desktop\dynamic_traffic_control\dynamic_traffic_control_workspace\src\simulation\application\debug\application.tlog\link.1196.write.1.tlog
c:\users\rajashree\desktop\dynamic_traffic_control\dynamic_traffic_control_workspace\src\simulation\application\debug\application.tlog\link.command.1.tlog
c:\users\rajashree\desktop\dynamic_traffic_control\dynamic_traffic_control_workspace\src\simulation\application\debug\application.tlog\link.read.1.tlog
c:\users\rajashree\desktop\dynamic_traffic_control\dynamic_traffic_control_workspace\src\simulation\application\debug\application.tlog\link.write.1.tlog
