c:\users\rajashree\desktop\dynamic_traffic_control\dynamic_traffic_control_workspace\src\simulation\lib_x64\libapplication.lib
c:\users\rajashree\desktop\dynamic_traffic_control\dynamic_traffic_control_workspace\src\simulation\lib_x64\libapplication.exp
c:\users\rajashree\desktop\dynamic_traffic_control\dynamic_traffic_control_workspace\src\simulation\application\x64\debug\vc142.pdb
c:\users\rajashree\desktop\dynamic_traffic_control\dynamic_traffic_control_workspace\src\simulation\application\x64\debug\vc142.idb
c:\users\rajashree\desktop\dynamic_traffic_control\dynamic_traffic_control_workspace\src\simulation\application\x64\debug\randomnumber.obj
c:\users\rajashree\desktop\dynamic_traffic_control\dynamic_traffic_control_workspace\src\simulation\application\x64\debug\multicast.obj
c:\users\rajashree\desktop\dynamic_traffic_control\dynamic_traffic_control_workspace\src\simulation\application\x64\debug\encryption.obj
c:\users\rajashree\desktop\dynamic_traffic_control\dynamic_traffic_control_workspace\src\simulation\application\x64\debug\emulation_application.obj
c:\users\rajashree\desktop\dynamic_traffic_control\dynamic_traffic_control_workspace\src\simulation\application\x64\debug\distribution.obj
c:\users\rajashree\desktop\dynamic_traffic_control\dynamic_traffic_control_workspace\src\simulation\application\x64\debug\des_run.obj
c:\users\rajashree\desktop\dynamic_traffic_control\dynamic_traffic_control_workspace\src\simulation\application\x64\debug\des.obj
c:\users\rajashree\desktop\dynamic_traffic_control\dynamic_traffic_control_workspace\src\simulation\application\x64\debug\database_ftp_custom.obj
c:\users\rajashree\desktop\dynamic_traffic_control\dynamic_traffic_control_workspace\src\simulation\application\x64\debug\coap.obj
c:\users\rajashree\desktop\dynamic_traffic_control\dynamic_traffic_control_workspace\src\simulation\application\x64\debug\bsm.obj
c:\users\rajashree\desktop\dynamic_traffic_control\dynamic_traffic_control_workspace\src\simulation\application\x64\debug\app_out.obj
c:\users\rajashree\desktop\dynamic_traffic_control\dynamic_traffic_control_workspace\src\simulation\application\x64\debug\application.obj
c:\users\rajashree\desktop\dynamic_traffic_control\dynamic_traffic_control_workspace\src\simulation\application\x64\debug\aes_run.obj
c:\users\rajashree\desktop\dynamic_traffic_control\dynamic_traffic_control_workspace\src\simulation\application\x64\debug\aes.obj
c:\users\rajashree\desktop\dynamic_traffic_control\dynamic_traffic_control_workspace\bin\bin_x64\libapplication.dll
c:\users\rajashree\desktop\dynamic_traffic_control\dynamic_traffic_control_workspace\bin\bin_x64\application.pdb
c:\users\rajashree\desktop\dynamic_traffic_control\dynamic_traffic_control_workspace\src\simulation\application\x64\debug\application.tlog\application.write.1u.tlog
c:\users\rajashree\desktop\dynamic_traffic_control\dynamic_traffic_control_workspace\src\simulation\application\x64\debug\application.tlog\cl.command.1.tlog
c:\users\rajashree\desktop\dynamic_traffic_control\dynamic_traffic_control_workspace\src\simulation\application\x64\debug\application.tlog\cl.read.1.tlog
c:\users\rajashree\desktop\dynamic_traffic_control\dynamic_traffic_control_workspace\src\simulation\application\x64\debug\application.tlog\cl.write.1.tlog
c:\users\rajashree\desktop\dynamic_traffic_control\dynamic_traffic_control_workspace\src\simulation\application\x64\debug\application.tlog\link.command.1.tlog
c:\users\rajashree\desktop\dynamic_traffic_control\dynamic_traffic_control_workspace\src\simulation\application\x64\debug\application.tlog\link.read.1.tlog
c:\users\rajashree\desktop\dynamic_traffic_control\dynamic_traffic_control_workspace\src\simulation\application\x64\debug\application.tlog\link.write.1.tlog
